<?xml version="1.0" encoding="UTF-8"?>
<!-- Generated by org.testng.reporters.JUnitXMLReporter -->
<testsuite ignored="0" hostname="DHANRAJ" failures="0" tests="3" name="Default test" time="5.123" errors="0" timestamp="2022-10-02T10:15:08 IST">
  <testcase classname="API_AutomationFirst.API_AutomationFirst.OrderBooking" name="GetAccessToken" time="3.865"/>
  <testcase classname="API_AutomationFirst.API_AutomationFirst.OrderBooking" name="ProductList" time="0.814"/>
  <testcase classname="API_AutomationFirst.API_AutomationFirst.OrderBooking" name="ServiceabilityCheck" time="0.384"/>
</testsuite> <!-- Default test -->
