<?xml version="1.0" encoding="UTF-8"?>
<testng-results ignored="0" total="3" passed="3" failed="0" skipped="0">
  <reporter-output>
  </reporter-output>
  <suite started-at="2022-10-02T10:15:03 IST" name="Default suite" finished-at="2022-10-02T10:15:08 IST" duration-ms="5123">
    <groups>
    </groups>
    <test started-at="2022-10-02T10:15:03 IST" name="Default test" finished-at="2022-10-02T10:15:08 IST" duration-ms="5123">
      <class name="API_AutomationFirst.API_AutomationFirst.OrderBooking">
        <test-method signature="GetAccessToken()[pri:0, instance:API_AutomationFirst.API_AutomationFirst.OrderBooking@732c2a62]" started-at="2022-10-02T10:15:03 IST" name="GetAccessToken" finished-at="2022-10-02T10:15:07 IST" duration-ms="3865" status="PASS">
          <reporter-output>
          </reporter-output>
        </test-method> <!-- GetAccessToken -->
        <test-method signature="ProductList()[pri:0, instance:API_AutomationFirst.API_AutomationFirst.OrderBooking@732c2a62]" started-at="2022-10-02T10:15:07 IST" name="ProductList" finished-at="2022-10-02T10:15:08 IST" duration-ms="814" status="PASS">
          <reporter-output>
          </reporter-output>
        </test-method> <!-- ProductList -->
        <test-method signature="ServiceabilityCheck()[pri:0, instance:API_AutomationFirst.API_AutomationFirst.OrderBooking@732c2a62]" started-at="2022-10-02T10:15:08 IST" name="ServiceabilityCheck" finished-at="2022-10-02T10:15:08 IST" duration-ms="384" status="PASS">
          <reporter-output>
          </reporter-output>
        </test-method> <!-- ServiceabilityCheck -->
      </class> <!-- API_AutomationFirst.API_AutomationFirst.OrderBooking -->
    </test> <!-- Default test -->
  </suite> <!-- Default suite -->
</testng-results>
